<?xml version="1.0" encoding="UTF-8"?>
<!-- Generated by org.testng.reporters.JUnitReportReporter -->
<testsuite hostname="Dell-PC" name="php.runner.PhpRunner" tests="1" failures="0" timestamp="15 Jan 2020 23:33:08 GMT" time="22.083" errors="0">
  <testcase name="feature" time="22.083" classname="php.runner.PhpRunner"/>
</testsuite> <!-- php.runner.PhpRunner -->
